<?xml version="1.0" encoding="UTF-8"?>
<!-- Generated by org.testng.reporters.JUnitXMLReporter -->
<testsuite ignored="0" hostname="desktop-pc" failures="0" tests="4" name="Default test" time="63.577" errors="0" timestamp="2025-09-04T10:25:31 PDT">
  <testcase classname="test.UserTest" name="CreateAccount" time="24.602"/>
  <testcase classname="test.UserTest" name="loginpage" time="7.123"/>
  <testcase classname="test.UserTest" name="AddtoProduct" time="10.69"/>
  <testcase classname="test.UserTest" name="CheckOut" time="12.568"/>
</testsuite> <!-- Default test -->
