<?xml version="1.0" encoding="UTF-8"?>
<!-- Generated by org.testng.reporters.JUnitXMLReporter -->
<testsuite ignored="0" hostname="desktop-pc" failures="0" tests="4" name="Default test" time="62.294" errors="0" timestamp="2025-09-05T03:22:22 PDT">
  <testcase classname="test.UserTest" name="CreateAccount" time="25.356"/>
  <testcase classname="test.UserTest" name="loginpage" time="6.47"/>
  <testcase classname="test.UserTest" name="AddtoProduct" time="10.112"/>
  <testcase classname="test.UserTest" name="CheckOut" time="12.046"/>
</testsuite> <!-- Default test -->
