<?xml version="1.0" encoding="UTF-8"?>
<testng-results ignored="0" total="4" passed="4" failed="0" skipped="0">
  <reporter-output>
  </reporter-output>
  <suite started-at="2025-09-05T03:21:20 PDT" name="Default suite" finished-at="2025-09-05T03:22:22 PDT" duration-ms="62294">
    <groups>
    </groups>
    <test started-at="2025-09-05T03:21:20 PDT" name="Default test" finished-at="2025-09-05T03:22:22 PDT" duration-ms="62294">
      <class name="test.UserTest">
        <test-method is-config="true" signature="setup()[pri:0, instance:test.UserTest@5b12b668]" started-at="2025-09-05T03:21:20 PDT" name="setup" finished-at="2025-09-05T03:21:28 PDT" duration-ms="8147" status="PASS">
          <reporter-output>
          </reporter-output>
        </test-method> <!-- setup -->
        <test-method signature="CreateAccount()[pri:1, instance:test.UserTest@5b12b668]" started-at="2025-09-05T03:21:28 PDT" name="CreateAccount" finished-at="2025-09-05T03:21:53 PDT" duration-ms="25356" status="PASS">
          <reporter-output>
          </reporter-output>
        </test-method> <!-- CreateAccount -->
        <test-method signature="loginpage()[pri:2, instance:test.UserTest@5b12b668]" started-at="2025-09-05T03:21:54 PDT" name="loginpage" finished-at="2025-09-05T03:22:00 PDT" duration-ms="6470" status="PASS">
          <reporter-output>
          </reporter-output>
        </test-method> <!-- loginpage -->
        <test-method signature="AddtoProduct()[pri:3, instance:test.UserTest@5b12b668]" started-at="2025-09-05T03:22:00 PDT" name="AddtoProduct" finished-at="2025-09-05T03:22:10 PDT" duration-ms="10112" status="PASS">
          <reporter-output>
          </reporter-output>
        </test-method> <!-- AddtoProduct -->
        <test-method signature="CheckOut()[pri:4, instance:test.UserTest@5b12b668]" started-at="2025-09-05T03:22:10 PDT" name="CheckOut" finished-at="2025-09-05T03:22:22 PDT" duration-ms="12046" status="PASS">
          <reporter-output>
          </reporter-output>
        </test-method> <!-- CheckOut -->
      </class> <!-- test.UserTest -->
    </test> <!-- Default test -->
  </suite> <!-- Default suite -->
</testng-results>
